<?xml version="1.0" encoding="UTF-8"?>
<!-- Generated by org.testng.reporters.JUnitXMLReporter -->
<testsuite ignored="6" hostname="LAPTOP-QAA3IP3T" failures="1" tests="2" name="NewTest(failed)" time="17.381" errors="0" timestamp="2024-06-13T21:27:06 IST">
  <testcase classname="first_seleniumframework.Login_page_test" name="verifyurlofapplicationtest" time="1.128"/>
  <testcase classname="first_seleniumframework.inventory_page_test" name="goToCartTest" time="0.119">
    <failure type="java.lang.AssertionError" message="expected [null] but found [https://www.saucedemo.com/cart.html]">
      <![CDATA[java.lang.AssertionError: expected [null] but found [https://www.saucedemo.com/cart.html]
at first_seleniumframework.inventory_page_test.goToCartTest(inventory_page_test.java:75)
at java.base/java.util.ArrayList.forEach(ArrayList.java:1511)
... Removed 33 stack frames]]>
    </failure>
  </testcase> <!-- goToCartTest -->
  <testcase classname="first_seleniumframework.inventory_page_test" name="verifypagetitle" time="0.0">
    <ignored/>
  </testcase> <!-- verifypagetitle -->
  <testcase classname="first_seleniumframework.Login_page_test" name="logintoApplicationtest" time="0.0">
    <ignored/>
  </testcase> <!-- logintoApplicationtest -->
  <testcase classname="first_seleniumframework.inventory_page_test" name="verifytwitterlogo" time="0.0">
    <ignored/>
  </testcase> <!-- verifytwitterlogo -->
  <testcase classname="first_seleniumframework.inventory_page_test" name="add6product" time="0.0">
    <ignored/>
  </testcase> <!-- add6product -->
  <testcase classname="first_seleniumframework.inventory_page_test" name="remove2productstest" time="0.0">
    <ignored/>
  </testcase> <!-- remove2productstest -->
  <testcase classname="first_seleniumframework.Login_page_test" name="verifytitleofapplicationtest" time="0.0">
    <ignored/>
  </testcase> <!-- verifytitleofapplicationtest -->
</testsuite> <!-- NewTest(failed) -->
