<?xml version="1.0" encoding="UTF-8"?>
<!-- Generated by org.testng.reporters.JUnitXMLReporter -->
<testsuite ignored="0" hostname="LAPTOP-QAA3IP3T" failures="2" tests="24" name="NewTest" time="149.493" errors="0" timestamp="2024-06-12T23:52:22 IST">
  <testcase classname="first_seleniumframework.Login_page_test" name="logintoApplicationtest" time="1.819"/>
  <testcase classname="first_seleniumframework.Login_page_test" name="verifytitleofapplicationtest" time="0.06"/>
  <testcase classname="first_seleniumframework.Login_page_test" name="verifyurlofapplicationtest" time="0.068">
    <failure type="java.lang.AssertionError" message="expected [https://www.saucedemo.com/] but found [https://www.saucedemo.com/inventory.html]">
      <![CDATA[java.lang.AssertionError: expected [https://www.saucedemo.com/] but found [https://www.saucedemo.com/inventory.html]
at first_seleniumframework.Login_page_test.verifyurlofapplicationtest(Login_page_test.java:48)
at java.base/java.util.ArrayList.forEach(ArrayList.java:1511)
... Removed 33 stack frames]]>
    </failure>
  </testcase> <!-- verifyurlofapplicationtest -->
  <testcase classname="first_seleniumframework.Checkout_step_two_page_test" name="appLogoLabel" time="0.04"/>
  <testcase classname="first_seleniumframework.Checkout_step_two_page_test" name="cartQuantityLabel" time="0.043"/>
  <testcase classname="first_seleniumframework.Checkout_step_two_page_test" name="descLabel" time="0.039"/>
  <testcase classname="first_seleniumframework.Checkout_step_two_page_test" name="finishBtn" time="0.106"/>
  <testcase classname="first_seleniumframework.Checkout_step_two_page_test" name="menuBtn" time="0.058"/>
  <testcase classname="first_seleniumframework.Checkout_step_two_page_test" name="pageTitle" time="0.035"/>
  <testcase classname="first_seleniumframework.Checkout_step_two_page_test" name="paymentInfoLabel" time="0.036"/>
  <testcase classname="first_seleniumframework.Checkout_step_two_page_test" name="shippingInfoLabel" time="0.04"/>
  <testcase classname="first_seleniumframework.Checkout_step_two_page_test" name="totalInfoLabel" time="0.036"/>
  <testcase classname="first_seleniumframework.Cart_page_test" name="cartDesclabel" time="0.046"/>
  <testcase classname="first_seleniumframework.Cart_page_test" name="clickonbtn" time="0.108"/>
  <testcase classname="first_seleniumframework.Cart_page_test" name="continueShoppingBtn" time="0.14"/>
  <testcase classname="first_seleniumframework.Cart_page_test" name="verifyapplogoTest" time="0.044"/>
  <testcase classname="first_seleniumframework.Cart_page_test" name="verifycartQuantityLabelTest" time="0.045"/>
  <testcase classname="first_seleniumframework.Cart_page_test" name="verifypagetitleTest" time="0.044"/>
  <testcase classname="first_seleniumframework.Checkout_step_one_page_test" name="checkOutPageInformationTest" time="0.55"/>
  <testcase classname="first_seleniumframework.inventory_page_test" name="add6product" time="0.773"/>
  <testcase classname="first_seleniumframework.inventory_page_test" name="goToCartTest" time="0.09">
    <failure type="java.lang.AssertionError" message="expected [null] but found [https://www.saucedemo.com/cart.html]">
      <![CDATA[java.lang.AssertionError: expected [null] but found [https://www.saucedemo.com/cart.html]
at first_seleniumframework.inventory_page_test.goToCartTest(inventory_page_test.java:75)
at java.base/java.util.ArrayList.forEach(ArrayList.java:1511)
... Removed 33 stack frames]]>
    </failure>
  </testcase> <!-- goToCartTest -->
  <testcase classname="first_seleniumframework.inventory_page_test" name="remove2productstest" time="0.984"/>
  <testcase classname="first_seleniumframework.inventory_page_test" name="verifypagetitle" time="0.072"/>
  <testcase classname="first_seleniumframework.inventory_page_test" name="verifytwitterlogo" time="0.044"/>
</testsuite> <!-- NewTest -->
